<?xml version="1.0" encoding="UTF-8"?>
<coverage generated="1681410865058" clover="3.2.0">
  <project timestamp="1681410865058" name="All files">
    <metrics statements="73" coveredstatements="73" conditionals="14" coveredconditionals="14" methods="12" coveredmethods="12" elements="99" coveredelements="99" complexity="0" loc="73" ncloc="73" packages="1" files="3" classes="3"/>
    <file name="Camera.ts" path="/Users/anacaceres/Repos/leanmind/Katas/typescript-surveillance-kata/src/Camera.ts">
      <metrics statements="27" coveredstatements="27" conditionals="5" coveredconditionals="5" methods="5" coveredmethods="5"/>
      <line num="1" count="1" type="stmt"/>
      <line num="2" count="1" type="stmt"/>
      <line num="3" count="1" type="stmt"/>
      <line num="4" count="1" type="stmt"/>
      <line num="5" count="1" type="stmt"/>
      <line num="6" count="2" type="cond" truecount="1" falsecount="0"/>
      <line num="7" count="2" type="stmt"/>
      <line num="8" count="2" type="stmt"/>
      <line num="9" count="2" type="stmt"/>
      <line num="10" count="2" type="cond" truecount="1" falsecount="0"/>
      <line num="11" count="1" type="stmt"/>
      <line num="12" count="1" type="stmt"/>
      <line num="13" count="2" type="stmt"/>
      <line num="14" count="2" type="cond" truecount="1" falsecount="0"/>
      <line num="15" count="1" type="stmt"/>
      <line num="16" count="1" type="stmt"/>
      <line num="17" count="2" type="stmt"/>
      <line num="18" count="2" type="cond" truecount="1" falsecount="0"/>
      <line num="19" count="1" type="stmt"/>
      <line num="20" count="1" type="stmt"/>
      <line num="21" count="2" type="stmt"/>
      <line num="22" count="2" type="cond" truecount="1" falsecount="0"/>
      <line num="23" count="1" type="stmt"/>
      <line num="24" count="1" type="stmt"/>
      <line num="25" count="2" type="stmt"/>
      <line num="26" count="1" type="stmt"/>
      <line num="27" count="1" type="stmt"/>
    </file>
    <file name="Sensor.ts" path="/Users/anacaceres/Repos/leanmind/Katas/typescript-surveillance-kata/src/Sensor.ts">
      <metrics statements="19" coveredstatements="19" conditionals="4" coveredconditionals="4" methods="3" coveredmethods="3"/>
      <line num="1" count="1" type="stmt"/>
      <line num="2" count="1" type="stmt"/>
      <line num="3" count="1" type="stmt"/>
      <line num="4" count="1" type="stmt"/>
      <line num="5" count="1" type="stmt"/>
      <line num="6" count="1" type="stmt"/>
      <line num="7" count="2" type="cond" truecount="1" falsecount="0"/>
      <line num="8" count="2" type="stmt"/>
      <line num="9" count="2" type="stmt"/>
      <line num="10" count="2" type="cond" truecount="1" falsecount="0"/>
      <line num="11" count="2" type="stmt"/>
      <line num="12" count="2" type="stmt"/>
      <line num="13" count="2" type="stmt"/>
      <line num="14" count="2" type="cond" truecount="1" falsecount="0"/>
      <line num="15" count="2" type="cond" truecount="1" falsecount="0"/>
      <line num="16" count="2" type="stmt"/>
      <line num="17" count="2" type="stmt"/>
      <line num="18" count="1" type="stmt"/>
      <line num="19" count="1" type="stmt"/>
    </file>
    <file name="SurveillanceSystem.ts" path="/Users/anacaceres/Repos/leanmind/Katas/typescript-surveillance-kata/src/SurveillanceSystem.ts">
      <metrics statements="27" coveredstatements="27" conditionals="5" coveredconditionals="5" methods="4" coveredmethods="4"/>
      <line num="1" count="1" type="stmt"/>
      <line num="2" count="1" type="stmt"/>
      <line num="3" count="1" type="stmt"/>
      <line num="4" count="1" type="stmt"/>
      <line num="5" count="1" type="stmt"/>
      <line num="6" count="1" type="cond" truecount="1" falsecount="0"/>
      <line num="7" count="2" type="stmt"/>
      <line num="8" count="2" type="stmt"/>
      <line num="9" count="1" type="stmt"/>
      <line num="10" count="1" type="cond" truecount="1" falsecount="0"/>
      <line num="11" count="2" type="cond" truecount="1" falsecount="0"/>
      <line num="12" count="1" type="stmt"/>
      <line num="13" count="1" type="stmt"/>
      <line num="14" count="1" type="stmt"/>
      <line num="15" count="1" type="stmt"/>
      <line num="16" count="2" type="stmt"/>
      <line num="17" count="1" type="stmt"/>
      <line num="18" count="1" type="cond" truecount="1" falsecount="0"/>
      <line num="19" count="1" type="stmt"/>
      <line num="20" count="1" type="stmt"/>
      <line num="21" count="1" type="stmt"/>
      <line num="22" count="1" type="cond" truecount="1" falsecount="0"/>
      <line num="23" count="1" type="stmt"/>
      <line num="24" count="1" type="stmt"/>
      <line num="25" count="1" type="stmt"/>
      <line num="26" count="1" type="stmt"/>
      <line num="27" count="1" type="stmt"/>
    </file>
  </project>
</coverage>
