TN:
SF:src/Camera.ts
FN:6,CameraMock
FN:10,startRecording
FN:14,startRecordingHaveBeenCalled
FN:18,stopRecording
FN:22,stopRecordingHaveBeenCalled
FNF:5
FNH:5
FNDA:2,CameraMock
FNDA:1,startRecording
FNDA:1,startRecordingHaveBeenCalled
FNDA:1,stopRecording
FNDA:1,stopRecordingHaveBeenCalled
DA:1,1
DA:2,1
DA:3,1
DA:4,1
DA:5,1
DA:6,2
DA:7,2
DA:8,2
DA:9,2
DA:10,2
DA:11,1
DA:12,1
DA:13,2
DA:14,2
DA:15,1
DA:16,1
DA:17,2
DA:18,2
DA:19,1
DA:20,1
DA:21,2
DA:22,2
DA:23,1
DA:24,1
DA:25,2
DA:26,1
DA:27,1
LF:27
LH:27
BRDA:6,0,0,2
BRDA:10,1,0,1
BRDA:14,2,0,1
BRDA:18,3,0,1
BRDA:22,4,0,1
BRF:5
BRH:5
end_of_record
TN:
SF:src/Sensor.ts
FN:7,SensorMock
FN:10,subscribe
FN:14,notifyEvent
FNF:3
FNH:3
FNDA:2,SensorMock
FNDA:2,subscribe
FNDA:2,notifyEvent
DA:1,1
DA:2,1
DA:3,1
DA:4,1
DA:5,1
DA:6,1
DA:7,2
DA:8,2
DA:9,2
DA:10,2
DA:11,2
DA:12,2
DA:13,2
DA:14,2
DA:15,2
DA:16,2
DA:17,2
DA:18,1
DA:19,1
LF:19
LH:19
BRDA:7,0,0,2
BRDA:10,1,0,2
BRDA:14,2,0,2
BRDA:15,3,0,2
BRF:4
BRH:4
end_of_record
TN:
SF:src/SurveillanceSystem.ts
FN:6,SurveillanceSystem
FN:10,onDetect
FN:18,startRecording
FN:22,stopRecording
FNF:4
FNH:4
FNDA:2,SurveillanceSystem
FNDA:2,onDetect
FNDA:1,startRecording
FNDA:1,stopRecording
DA:1,1
DA:2,1
DA:3,1
DA:4,1
DA:5,1
DA:6,1
DA:7,2
DA:8,2
DA:9,1
DA:10,1
DA:11,2
DA:12,1
DA:13,1
DA:14,1
DA:15,1
DA:16,2
DA:17,1
DA:18,1
DA:19,1
DA:20,1
DA:21,1
DA:22,1
DA:23,1
DA:24,1
DA:25,1
DA:26,1
DA:27,1
LF:27
LH:27
BRDA:6,0,0,2
BRDA:10,1,0,2
BRDA:11,2,0,1
BRDA:18,3,0,1
BRDA:22,4,0,1
BRF:5
BRH:5
end_of_record
